<?xml version="1.0" encoding="UTF-8"?>
<testsuites name="jest tests" tests="2" failures="2" errors="0" time="3.871">
  <testsuite name="titleComponent" errors="0" failures="2" skipped="0" timestamp="2023-07-29T15:15:18" time="3.79" tests="2">
    <testcase classname="titleComponent renders title and image correctly" name="titleComponent renders title and image correctly" time="0.002">
      <failure>ReferenceError: document is not defined
    at render (/Users/kate/Documents/MA test tasks/moodys/pokemonApp/node_modules/@testing-library/react/dist/pure.js:215:5)
    at Object.&lt;anonymous&gt; (/Users/kate/Documents/MA test tasks/moodys/pokemonApp/src/__tests__/titleComponent.test.tsx:11:47)
    at Promise.then.completed (/Users/kate/Documents/MA test tasks/moodys/pokemonApp/node_modules/jest-circus/build/utils.js:300:28)
    at new Promise (&lt;anonymous&gt;)
    at callAsyncCircusFn (/Users/kate/Documents/MA test tasks/moodys/pokemonApp/node_modules/jest-circus/build/utils.js:233:10)
    at _callCircusTest (/Users/kate/Documents/MA test tasks/moodys/pokemonApp/node_modules/jest-circus/build/run.js:315:40)
    at processTicksAndRejections (node:internal/process/task_queues:95:5)
    at _runTest (/Users/kate/Documents/MA test tasks/moodys/pokemonApp/node_modules/jest-circus/build/run.js:251:3)
    at _runTestsForDescribeBlock (/Users/kate/Documents/MA test tasks/moodys/pokemonApp/node_modules/jest-circus/build/run.js:125:9)
    at _runTestsForDescribeBlock (/Users/kate/Documents/MA test tasks/moodys/pokemonApp/node_modules/jest-circus/build/run.js:120:9)
    at run (/Users/kate/Documents/MA test tasks/moodys/pokemonApp/node_modules/jest-circus/build/run.js:70:3)
    at runAndTransformResultsToJestFormat (/Users/kate/Documents/MA test tasks/moodys/pokemonApp/node_modules/jest-circus/build/legacy-code-todo-rewrite/jestAdapterInit.js:122:21)
    at jestAdapter (/Users/kate/Documents/MA test tasks/moodys/pokemonApp/node_modules/jest-circus/build/legacy-code-todo-rewrite/jestAdapter.js:79:19)
    at runTestInternal (/Users/kate/Documents/MA test tasks/moodys/pokemonApp/node_modules/jest-runner/build/runTest.js:367:16)
    at runTest (/Users/kate/Documents/MA test tasks/moodys/pokemonApp/node_modules/jest-runner/build/runTest.js:444:34)</failure>
    </testcase>
    <testcase classname="titleComponent renders without data" name="titleComponent renders without data" time="0">
      <failure>ReferenceError: document is not defined
    at render (/Users/kate/Documents/MA test tasks/moodys/pokemonApp/node_modules/@testing-library/react/dist/pure.js:215:5)
    at Object.&lt;anonymous&gt; (/Users/kate/Documents/MA test tasks/moodys/pokemonApp/src/__tests__/titleComponent.test.tsx:25:33)
    at Promise.then.completed (/Users/kate/Documents/MA test tasks/moodys/pokemonApp/node_modules/jest-circus/build/utils.js:300:28)
    at new Promise (&lt;anonymous&gt;)
    at callAsyncCircusFn (/Users/kate/Documents/MA test tasks/moodys/pokemonApp/node_modules/jest-circus/build/utils.js:233:10)
    at _callCircusTest (/Users/kate/Documents/MA test tasks/moodys/pokemonApp/node_modules/jest-circus/build/run.js:315:40)
    at processTicksAndRejections (node:internal/process/task_queues:95:5)
    at _runTest (/Users/kate/Documents/MA test tasks/moodys/pokemonApp/node_modules/jest-circus/build/run.js:251:3)
    at _runTestsForDescribeBlock (/Users/kate/Documents/MA test tasks/moodys/pokemonApp/node_modules/jest-circus/build/run.js:125:9)
    at _runTestsForDescribeBlock (/Users/kate/Documents/MA test tasks/moodys/pokemonApp/node_modules/jest-circus/build/run.js:120:9)
    at run (/Users/kate/Documents/MA test tasks/moodys/pokemonApp/node_modules/jest-circus/build/run.js:70:3)
    at runAndTransformResultsToJestFormat (/Users/kate/Documents/MA test tasks/moodys/pokemonApp/node_modules/jest-circus/build/legacy-code-todo-rewrite/jestAdapterInit.js:122:21)
    at jestAdapter (/Users/kate/Documents/MA test tasks/moodys/pokemonApp/node_modules/jest-circus/build/legacy-code-todo-rewrite/jestAdapter.js:79:19)
    at runTestInternal (/Users/kate/Documents/MA test tasks/moodys/pokemonApp/node_modules/jest-runner/build/runTest.js:367:16)
    at runTest (/Users/kate/Documents/MA test tasks/moodys/pokemonApp/node_modules/jest-runner/build/runTest.js:444:34)</failure>
    </testcase>
  </testsuite>
</testsuites>