<?xml version="1.0" encoding="UTF-8"?>
<coverage generated="1690801913462" clover="3.2.0">
  <project timestamp="1690801913462" name="All files">
    <metrics statements="35" coveredstatements="35" conditionals="31" coveredconditionals="31" methods="9" coveredmethods="9" elements="75" coveredelements="75" complexity="0" loc="35" ncloc="35" packages="1" files="4" classes="4"/>
    <file name="badgeFactory.tsx" path="/Users/kate/Documents/MA test tasks/moodys/pokemonApp/src/components/badgeFactory.tsx">
      <metrics statements="9" coveredstatements="9" conditionals="3" coveredconditionals="3" methods="2" coveredmethods="2"/>
      <line num="1" count="1" type="stmt"/>
      <line num="2" count="1" type="stmt"/>
      <line num="9" count="1" type="stmt"/>
      <line num="112" count="1" type="stmt"/>
      <line num="114" count="3" type="stmt"/>
      <line num="115" count="9" type="cond" truecount="3" falsecount="0"/>
      <line num="116" count="3" type="stmt"/>
      <line num="118" count="6" type="stmt"/>
      <line num="121" count="3" type="stmt"/>
    </file>
    <file name="descriptionComponent.tsx" path="/Users/kate/Documents/MA test tasks/moodys/pokemonApp/src/components/descriptionComponent.tsx">
      <metrics statements="16" coveredstatements="16" conditionals="4" coveredconditionals="4" methods="5" coveredmethods="5"/>
      <line num="1" count="1" type="stmt"/>
      <line num="2" count="1" type="stmt"/>
      <line num="10" count="1" type="stmt"/>
      <line num="11" count="2" type="cond" truecount="1" falsecount="0"/>
      <line num="12" count="1" type="stmt"/>
      <line num="15" count="1" type="stmt"/>
      <line num="16" count="2" type="cond" truecount="1" falsecount="0"/>
      <line num="17" count="1" type="stmt"/>
      <line num="18" count="1" type="stmt"/>
      <line num="19" count="1" type="stmt"/>
      <line num="20" count="1" type="stmt"/>
      <line num="23" count="1" type="stmt"/>
      <line num="24" count="2" type="stmt"/>
      <line num="26" count="2" type="stmt"/>
      <line num="41" count="2" type="stmt"/>
      <line num="44" count="3" type="stmt"/>
    </file>
    <file name="progressComponent.tsx" path="/Users/kate/Documents/MA test tasks/moodys/pokemonApp/src/components/progressComponent.tsx">
      <metrics statements="6" coveredstatements="6" conditionals="24" coveredconditionals="24" methods="1" coveredmethods="1"/>
      <line num="1" count="1" type="stmt"/>
      <line num="9" count="1" type="stmt"/>
      <line num="10" count="2" type="stmt"/>
      <line num="11" count="2" type="stmt"/>
      <line num="12" count="2" type="stmt"/>
      <line num="14" count="2" type="stmt"/>
    </file>
    <file name="titleComponent.tsx" path="/Users/kate/Documents/MA test tasks/moodys/pokemonApp/src/components/titleComponent.tsx">
      <metrics statements="4" coveredstatements="4" conditionals="0" coveredconditionals="0" methods="1" coveredmethods="1"/>
      <line num="1" count="1" type="stmt"/>
      <line num="9" count="1" type="stmt"/>
      <line num="10" count="2" type="stmt"/>
      <line num="12" count="2" type="stmt"/>
    </file>
  </project>
</coverage>
