{"/Users/kate/Documents/MA test tasks/moodys/pokemonApp/src/components/badgeFactory.tsx": {"path":"/Users/kate/Documents/MA test tasks/moodys/pokemonApp/src/components/badgeFactory.tsx","statementMap":{"0":{"start":{"line":1,"column":0},"end":{"line":1,"column":48}},"1":{"start":{"line":2,"column":0},"end":{"line":2,"column":null}},"2":{"start":{"line":9,"column":16},"end":{"line":105,"column":null}},"3":{"start":{"line":112,"column":39},"end":{"line":132,"column":1}},"4":{"start":{"line":114,"column":19},"end":{"line":119,"column":3}},"5":{"start":{"line":115,"column":4},"end":{"line":117,"column":null}},"6":{"start":{"line":116,"column":6},"end":{"line":116,"column":null}},"7":{"start":{"line":118,"column":4},"end":{"line":118,"column":null}},"8":{"start":{"line":121,"column":2},"end":{"line":131,"column":null}},"9":{"start":{"line":112,"column":13},"end":{"line":112,"column":39}}},"fnMap":{"0":{"name":"(anonymous_0)","decl":{"start":{"line":112,"column":39},"end":{"line":112,"column":40}},"loc":{"start":{"line":112,"column":61},"end":{"line":132,"column":1}}},"1":{"name":"(anonymous_1)","decl":{"start":{"line":114,"column":19},"end":{"line":114,"column":20}},"loc":{"start":{"line":114,"column":51},"end":{"line":119,"column":3}}}},"branchMap":{"0":{"loc":{"start":{"line":115,"column":4},"end":{"line":117,"column":null}},"type":"if","locations":[{"start":{"line":115,"column":4},"end":{"line":117,"column":null}}]},"1":{"loc":{"start":{"line":115,"column":8},"end":{"line":115,"column":69}},"type":"binary-expr","locations":[{"start":{"line":115,"column":8},"end":{"line":115,"column":13}},{"start":{"line":115,"column":17},"end":{"line":115,"column":69}}]}},"s":{"0":1,"1":1,"2":1,"3":1,"4":3,"5":9,"6":3,"7":6,"8":3,"9":1},"f":{"0":3,"1":9},"b":{"0":[3],"1":[9,9]}}
,"/Users/kate/Documents/MA test tasks/moodys/pokemonApp/src/components/descriptionComponent.tsx": {"path":"/Users/kate/Documents/MA test tasks/moodys/pokemonApp/src/components/descriptionComponent.tsx","statementMap":{"0":{"start":{"line":1,"column":0},"end":{"line":1,"column":57}},"1":{"start":{"line":2,"column":0},"end":{"line":2,"column":58}},"2":{"start":{"line":10,"column":19},"end":{"line":13,"column":1}},"3":{"start":{"line":11,"column":2},"end":{"line":11,"column":null}},"4":{"start":{"line":11,"column":12},"end":{"line":11,"column":null}},"5":{"start":{"line":12,"column":2},"end":{"line":12,"column":null}},"6":{"start":{"line":15,"column":19},"end":{"line":21,"column":1}},"7":{"start":{"line":16,"column":2},"end":{"line":16,"column":null}},"8":{"start":{"line":16,"column":12},"end":{"line":16,"column":null}},"9":{"start":{"line":17,"column":14},"end":{"line":17,"column":25}},"10":{"start":{"line":18,"column":12},"end":{"line":18,"column":27}},"11":{"start":{"line":19,"column":12},"end":{"line":19,"column":39}},"12":{"start":{"line":20,"column":2},"end":{"line":20,"column":null}},"13":{"start":{"line":23,"column":47},"end":{"line":50,"column":1}},"14":{"start":{"line":24,"column":13},"end":{"line":24,"column":21}},"15":{"start":{"line":26,"column":2},"end":{"line":49,"column":null}},"16":{"start":{"line":41,"column":39},"end":{"line":41,"column":55}},"17":{"start":{"line":44,"column":33},"end":{"line":44,"column":55}},"18":{"start":{"line":23,"column":13},"end":{"line":23,"column":47}}},"fnMap":{"0":{"name":"(anonymous_0)","decl":{"start":{"line":10,"column":19},"end":{"line":10,"column":20}},"loc":{"start":{"line":10,"column":47},"end":{"line":13,"column":1}}},"1":{"name":"(anonymous_1)","decl":{"start":{"line":15,"column":19},"end":{"line":15,"column":20}},"loc":{"start":{"line":15,"column":47},"end":{"line":21,"column":1}}},"2":{"name":"(anonymous_2)","decl":{"start":{"line":23,"column":47},"end":{"line":23,"column":48}},"loc":{"start":{"line":23,"column":60},"end":{"line":50,"column":1}}},"3":{"name":"(anonymous_3)","decl":{"start":{"line":41,"column":33},"end":{"line":41,"column":35}},"loc":{"start":{"line":41,"column":39},"end":{"line":41,"column":55}}},"4":{"name":"(anonymous_4)","decl":{"start":{"line":44,"column":28},"end":{"line":44,"column":29}},"loc":{"start":{"line":44,"column":33},"end":{"line":44,"column":55}}}},"branchMap":{"0":{"loc":{"start":{"line":11,"column":2},"end":{"line":11,"column":null}},"type":"if","locations":[{"start":{"line":11,"column":2},"end":{"line":11,"column":null}}]},"1":{"loc":{"start":{"line":16,"column":2},"end":{"line":16,"column":null}},"type":"if","locations":[{"start":{"line":16,"column":2},"end":{"line":16,"column":null}}]},"2":{"loc":{"start":{"line":37,"column":46},"end":{"line":37,"column":65}},"type":"cond-expr","locations":[{"start":{"line":37,"column":53},"end":{"line":37,"column":60}},{"start":{"line":37,"column":63},"end":{"line":37,"column":65}}]}},"s":{"0":1,"1":1,"2":1,"3":2,"4":1,"5":1,"6":1,"7":2,"8":1,"9":1,"10":1,"11":1,"12":1,"13":1,"14":2,"15":2,"16":2,"17":3,"18":1},"f":{"0":2,"1":2,"2":2,"3":2,"4":3},"b":{"0":[1],"1":[1],"2":[1,1]}}
,"/Users/kate/Documents/MA test tasks/moodys/pokemonApp/src/components/progressComponent.tsx": {"path":"/Users/kate/Documents/MA test tasks/moodys/pokemonApp/src/components/progressComponent.tsx","statementMap":{"0":{"start":{"line":1,"column":0},"end":{"line":1,"column":70}},"1":{"start":{"line":9,"column":44},"end":{"line":47,"column":1}},"2":{"start":{"line":10,"column":16},"end":{"line":10,"column":33}},"3":{"start":{"line":11,"column":13},"end":{"line":11,"column":21}},"4":{"start":{"line":12,"column":13},"end":{"line":12,"column":16}},"5":{"start":{"line":14,"column":2},"end":{"line":46,"column":null}},"6":{"start":{"line":9,"column":13},"end":{"line":9,"column":44}}},"fnMap":{"0":{"name":"(anonymous_0)","decl":{"start":{"line":9,"column":44},"end":{"line":9,"column":45}},"loc":{"start":{"line":9,"column":57},"end":{"line":47,"column":1}}}},"branchMap":{"0":{"loc":{"start":{"line":26,"column":45},"end":{"line":26,"column":63}},"type":"cond-expr","locations":[{"start":{"line":26,"column":52},"end":{"line":26,"column":59}},{"start":{"line":26,"column":62},"end":{"line":26,"column":63}}]},"1":{"loc":{"start":{"line":26,"column":75},"end":{"line":26,"column":94}},"type":"cond-expr","locations":[{"start":{"line":26,"column":82},"end":{"line":26,"column":89}},{"start":{"line":26,"column":92},"end":{"line":26,"column":94}}]},"2":{"loc":{"start":{"line":29,"column":35},"end":{"line":29,"column":57}},"type":"cond-expr","locations":[{"start":{"line":29,"column":42},"end":{"line":29,"column":53}},{"start":{"line":29,"column":56},"end":{"line":29,"column":57}}]},"3":{"loc":{"start":{"line":29,"column":69},"end":{"line":29,"column":92}},"type":"cond-expr","locations":[{"start":{"line":29,"column":76},"end":{"line":29,"column":87}},{"start":{"line":29,"column":90},"end":{"line":29,"column":92}}]},"4":{"loc":{"start":{"line":32,"column":35},"end":{"line":32,"column":58}},"type":"cond-expr","locations":[{"start":{"line":32,"column":42},"end":{"line":32,"column":54}},{"start":{"line":32,"column":57},"end":{"line":32,"column":58}}]},"5":{"loc":{"start":{"line":32,"column":70},"end":{"line":32,"column":94}},"type":"cond-expr","locations":[{"start":{"line":32,"column":77},"end":{"line":32,"column":89}},{"start":{"line":32,"column":92},"end":{"line":32,"column":94}}]},"6":{"loc":{"start":{"line":35,"column":35},"end":{"line":35,"column":59}},"type":"cond-expr","locations":[{"start":{"line":35,"column":42},"end":{"line":35,"column":55}},{"start":{"line":35,"column":58},"end":{"line":35,"column":59}}]},"7":{"loc":{"start":{"line":35,"column":71},"end":{"line":35,"column":96}},"type":"cond-expr","locations":[{"start":{"line":35,"column":78},"end":{"line":35,"column":91}},{"start":{"line":35,"column":94},"end":{"line":35,"column":96}}]},"8":{"loc":{"start":{"line":38,"column":35},"end":{"line":38,"column":60}},"type":"cond-expr","locations":[{"start":{"line":38,"column":42},"end":{"line":38,"column":56}},{"start":{"line":38,"column":59},"end":{"line":38,"column":60}}]},"9":{"loc":{"start":{"line":38,"column":72},"end":{"line":38,"column":98}},"type":"cond-expr","locations":[{"start":{"line":38,"column":79},"end":{"line":38,"column":93}},{"start":{"line":38,"column":96},"end":{"line":38,"column":98}}]},"10":{"loc":{"start":{"line":41,"column":35},"end":{"line":41,"column":56}},"type":"cond-expr","locations":[{"start":{"line":41,"column":42},"end":{"line":41,"column":52}},{"start":{"line":41,"column":55},"end":{"line":41,"column":56}}]},"11":{"loc":{"start":{"line":41,"column":68},"end":{"line":41,"column":90}},"type":"cond-expr","locations":[{"start":{"line":41,"column":75},"end":{"line":41,"column":85}},{"start":{"line":41,"column":88},"end":{"line":41,"column":90}}]}},"s":{"0":1,"1":1,"2":2,"3":2,"4":2,"5":2,"6":1},"f":{"0":2},"b":{"0":[1,1],"1":[1,1],"2":[1,1],"3":[1,1],"4":[1,1],"5":[1,1],"6":[1,1],"7":[1,1],"8":[1,1],"9":[1,1],"10":[1,1],"11":[1,1]}}
,"/Users/kate/Documents/MA test tasks/moodys/pokemonApp/src/components/titleComponent.tsx": {"path":"/Users/kate/Documents/MA test tasks/moodys/pokemonApp/src/components/titleComponent.tsx","statementMap":{"0":{"start":{"line":1,"column":0},"end":{"line":1,"column":77}},"1":{"start":{"line":9,"column":41},"end":{"line":23,"column":1}},"2":{"start":{"line":10,"column":16},"end":{"line":10,"column":33}},"3":{"start":{"line":12,"column":2},"end":{"line":22,"column":null}},"4":{"start":{"line":9,"column":13},"end":{"line":9,"column":41}}},"fnMap":{"0":{"name":"(anonymous_0)","decl":{"start":{"line":9,"column":41},"end":{"line":9,"column":42}},"loc":{"start":{"line":9,"column":54},"end":{"line":23,"column":1}}}},"branchMap":{},"s":{"0":1,"1":1,"2":2,"3":2,"4":1},"f":{"0":2},"b":{}}
}
