TN:
SF:src/components/badgeFactory.tsx
FN:112,(anonymous_0)
FN:114,(anonymous_1)
FNF:2
FNH:2
FNDA:3,(anonymous_0)
FNDA:9,(anonymous_1)
DA:1,1
DA:2,1
DA:9,1
DA:112,1
DA:114,3
DA:115,9
DA:116,3
DA:118,6
DA:121,3
LF:9
LH:9
BRDA:115,0,0,3
BRDA:115,1,0,9
BRDA:115,1,1,9
BRF:3
BRH:3
end_of_record
TN:
SF:src/components/descriptionComponent.tsx
FN:10,(anonymous_0)
FN:15,(anonymous_1)
FN:23,(anonymous_2)
FN:41,(anonymous_3)
FN:44,(anonymous_4)
FNF:5
FNH:5
FNDA:2,(anonymous_0)
FNDA:2,(anonymous_1)
FNDA:2,(anonymous_2)
FNDA:2,(anonymous_3)
FNDA:3,(anonymous_4)
DA:1,1
DA:2,1
DA:10,1
DA:11,2
DA:12,1
DA:15,1
DA:16,2
DA:17,1
DA:18,1
DA:19,1
DA:20,1
DA:23,1
DA:24,2
DA:26,2
DA:41,2
DA:44,3
LF:16
LH:16
BRDA:11,0,0,1
BRDA:16,1,0,1
BRDA:37,2,0,1
BRDA:37,2,1,1
BRF:4
BRH:4
end_of_record
TN:
SF:src/components/progressComponent.tsx
FN:9,(anonymous_0)
FNF:1
FNH:1
FNDA:2,(anonymous_0)
DA:1,1
DA:9,1
DA:10,2
DA:11,2
DA:12,2
DA:14,2
LF:6
LH:6
BRDA:26,0,0,1
BRDA:26,0,1,1
BRDA:26,1,0,1
BRDA:26,1,1,1
BRDA:29,2,0,1
BRDA:29,2,1,1
BRDA:29,3,0,1
BRDA:29,3,1,1
BRDA:32,4,0,1
BRDA:32,4,1,1
BRDA:32,5,0,1
BRDA:32,5,1,1
BRDA:35,6,0,1
BRDA:35,6,1,1
BRDA:35,7,0,1
BRDA:35,7,1,1
BRDA:38,8,0,1
BRDA:38,8,1,1
BRDA:38,9,0,1
BRDA:38,9,1,1
BRDA:41,10,0,1
BRDA:41,10,1,1
BRDA:41,11,0,1
BRDA:41,11,1,1
BRF:24
BRH:24
end_of_record
TN:
SF:src/components/titleComponent.tsx
FN:9,(anonymous_0)
FNF:1
FNH:1
FNDA:2,(anonymous_0)
DA:1,1
DA:9,1
DA:10,2
DA:12,2
LF:4
LH:4
BRF:0
BRH:0
end_of_record
